<?xml version="1.0" encoding="UTF-8"?>
<testng-results ignored="0" total="2" passed="2" failed="0" skipped="0">
  <reporter-output>
  </reporter-output>
  <suite started-at="2020-07-10T17:31:05 IST" name="BDD Test Suite" finished-at="2020-07-10T17:31:36 IST" duration-ms="31218">
    <groups>
      <group name="cucumber">
        <method signature="TestRunner.scenario(io.cucumber.testng.PickleWrapper, io.cucumber.testng.FeatureWrapper)[pri:0, instance:runner.TestRunner@6b419da]" name="scenario" class="runner.TestRunner"/>
      </group> <!-- cucumber -->
    </groups>
    <test started-at="2020-07-10T17:31:05 IST" name="FREE CRM Test" finished-at="2020-07-10T17:31:36 IST" duration-ms="31218">
      <class name="runner.TestRunner">
        <test-method is-config="true" signature="setUpClass()[pri:0, instance:runner.TestRunner@6b419da]" started-at="2020-07-10T17:31:05 IST" name="setUpClass" finished-at="2020-07-10T17:31:05 IST" duration-ms="320" status="PASS">
          <reporter-output>
          </reporter-output>
        </test-method> <!-- setUpClass -->
        <test-method signature="scenario(io.cucumber.testng.PickleWrapper, io.cucumber.testng.FeatureWrapper)[pri:0, instance:runner.TestRunner@6b419da]" started-at="2020-07-10T17:31:05 IST" name="scenario" description="Runs Cucumber Feature" data-provider="scenarios" finished-at="2020-07-10T17:31:20 IST" duration-ms="15028" status="PASS">
          <params>
            <param index="0">
              <value>
                <![CDATA["Create a New Customer"]]>
              </value>
            </param>
            <param index="1">
              <value>
                <![CDATA["Optional[New Customer Creation]"]]>
              </value>
            </param>
          </params>
          <reporter-output>
          </reporter-output>
        </test-method> <!-- scenario -->
        <test-method signature="scenario(io.cucumber.testng.PickleWrapper, io.cucumber.testng.FeatureWrapper)[pri:0, instance:runner.TestRunner@6b419da]" started-at="2020-07-10T17:31:20 IST" name="scenario" description="Runs Cucumber Feature" data-provider="scenarios" finished-at="2020-07-10T17:31:35 IST" duration-ms="14924" status="PASS">
          <params>
            <param index="0">
              <value>
                <![CDATA["Create a New Customer"]]>
              </value>
            </param>
            <param index="1">
              <value>
                <![CDATA["Optional[New Customer Creation]"]]>
              </value>
            </param>
          </params>
          <reporter-output>
          </reporter-output>
        </test-method> <!-- scenario -->
        <test-method is-config="true" signature="tearDownClass()[pri:0, instance:runner.TestRunner@6b419da]" started-at="2020-07-10T17:31:35 IST" name="tearDownClass" finished-at="2020-07-10T17:31:35 IST" duration-ms="116" status="PASS">
          <reporter-output>
          </reporter-output>
        </test-method> <!-- tearDownClass -->
        <test-method is-config="true" signature="closeBrowser()[pri:0, instance:runner.TestRunner@6b419da]" started-at="2020-07-10T17:31:35 IST" name="closeBrowser" finished-at="2020-07-10T17:31:36 IST" duration-ms="807" status="PASS">
          <reporter-output>
          </reporter-output>
        </test-method> <!-- closeBrowser -->
      </class> <!-- runner.TestRunner -->
    </test> <!-- FREE CRM Test -->
  </suite> <!-- BDD Test Suite -->
</testng-results>
